<?xml version="1.0" encoding="UTF-8"?>
<testsuites name="TS_cura_TL" time="90.534" tests="1" failures="0" errors="0">
   <testsuite name="TS_cura_TL" tests="1" failures="0" errors="0" time="90.534" skipped="0" timestamp="02-02-2024T18:42:25" hostname="vishnu - vishnu" id="Test Suites/TL_TS_CURA/TS_cura_TL">
      <properties>
         <property name="deviceName" value=""/>
         <property name="devicePlatform" value=""/>
         <property name="logFolder" value="/home/vishnu/git/Testing_project_CURA-HEALTHCARE/Reports/20240202_184204/TL_TS_CURA/TS_cura_TL/20240202_184204"/>
         <property name="logFiles" value="/home/vishnu/git/Testing_project_CURA-HEALTHCARE/Reports/20240202_184204/TL_TS_CURA/TS_cura_TL/20240202_184204/execution0.log"/>
         <property name="attachments" value="/home/vishnu/git/Testing_project_CURA-HEALTHCARE/Reports/20240202_184204/TL_TS_CURA/TS_cura_TL/20240202_184204/1706879635394.png"/>
         <property name="hostName" value="vishnu - vishnu"/>
         <property name="os" value="Linux 64bit"/>
         <property name="katalonVersion" value="9.2.0.212"/>
         <property name="browser" value="Firefox 122.0"/>
         <property name="hostAddress" value="127.0.1.1"/>
         <property name="sessionId" value="cfd6de52-8c4a-4d89-8972-5a1c457a2374"/>
         <property name="seleniumVersion" value="3.141.59"/>
         <property name="proxyInformation" value="ProxyInformation { proxyOption=NO_PROXY, proxyServerType=HTTP, username=, password=********, proxyServerAddress=, proxyServerPort=0, executionList=&quot;&quot;, isApplyToDesiredCapabilities=true }"/>
         <property name="platform" value="Linux"/>
      </properties>
      <testcase name="Test Cases/TL_TC_CURA/TL_CURA_file" time="60.676" classname="Test Cases/TL_TC_CURA/TL_CURA_file" status="PASSED">
         <system-out><![CDATA[02-02-2024T18:42:54 - [TEST_CASE][PASSED] - Test Cases/TL_TC_CURA/TL_CURA_file: Test Cases/TL_TC_CURA/TL_CURA_file

02-02-2024T18:42:55 - [TEST_STEP][PASSED] - Start listener action : sampleBeforeTestCase: Object: 'Object Repository/TL_CURA_OBJ/Page_CURA Healthcare Service/button_Login' is clicked on

02-02-2024T18:42:55 - [TEST_STEP][PASSED] - setText(findTestObject("Object Repository/TL_CURA_OBJ/Page_CURA Healthcare Service/input_username"), "John Doe"): Text 'John Doe' is set on object 'Object Repository/TL_CURA_OBJ/Page_CURA Healthcare Service/input_username'

02-02-2024T18:42:56 - [MESSAGE][PASSED] - Text 'John Doe' is set on object 'Object Repository/TL_CURA_OBJ/Page_CURA Healthcare Service/input_username'

02-02-2024T18:42:57 - [TEST_STEP][PASSED] - setEncryptedText(findTestObject("Object Repository/TL_CURA_OBJ/Page_CURA Healthcare Service/input_password"), "g3/DOGG74jC3Flrr3yH+3D/yKbOqqUNM"): Text ****** has been set on object 'Object Repository/TL_CURA_OBJ/Page_CURA Healthcare Service/input_password'

02-02-2024T18:42:57 - [MESSAGE][PASSED] - Text ****** has been set on object 'Object Repository/TL_CURA_OBJ/Page_CURA Healthcare Service/input_password'

02-02-2024T18:42:57 - [TEST_STEP][PASSED] - click(findTestObject("Object Repository/TL_CURA_OBJ/Page_CURA Healthcare Service/button_Login")): Object: 'Object Repository/TL_CURA_OBJ/Page_CURA Healthcare Service/button_Login' is clicked on

02-02-2024T18:42:59 - [MESSAGE][PASSED] - Object: 'Object Repository/TL_CURA_OBJ/Page_CURA Healthcare Service/button_Login' is clicked on

02-02-2024T18:43:00 - [TEST_STEP][PASSED] - selectOptionByValue(findTestObject("Object Repository/TL_CURA_OBJ/Page_CURA Healthcare Service/select_Tokyo CURA Healthcare Center        _5b4107"), "Hongkong CURA Healthcare Center", true): All options with value 'Hongkong CURA Healthcare Center' are selected in object 'Object Repository/TL_CURA_OBJ/Page_CURA Healthcare Service/select_Tokyo CURA Healthcare Center        _5b4107'  using regular expression

02-02-2024T18:43:02 - [MESSAGE][PASSED] - All options with value 'Hongkong CURA Healthcare Center' are selected in object 'Object Repository/TL_CURA_OBJ/Page_CURA Healthcare Service/select_Tokyo CURA Healthcare Center        _5b4107'  using regular expression

02-02-2024T18:43:02 - [TEST_STEP][PASSED] - ky_droplist.dropdownvalue.CheckDropDownListElementExist(findTestObject("TL_CURA_OBJ/Page_CURA Healthcare Service/select_Tokyo CURA Healthcare Center        _5b4107"), "Hongkong CURA Healthcare Center"): ky_droplist.dropdownvalue.CheckDropDownListElementExist is PASSED

02-02-2024T18:43:03 - [MESSAGE][PASSED] - ky_droplist.dropdownvalue.CheckDropDownListElementExist is PASSED

02-02-2024T18:43:03 - [TEST_STEP][PASSED] - click(findTestObject("Object Repository/TL_CURA_OBJ/Page_CURA Healthcare Service/input_hospital_readmission")): Object: 'Object Repository/TL_CURA_OBJ/Page_CURA Healthcare Service/input_hospital_readmission' is clicked on

02-02-2024T18:43:04 - [MESSAGE][PASSED] - Object: 'Object Repository/TL_CURA_OBJ/Page_CURA Healthcare Service/input_hospital_readmission' is clicked on

02-02-2024T18:43:04 - [TEST_STEP][PASSED] - click(findTestObject("Object Repository/TL_CURA_OBJ/Page_CURA Healthcare Service/label_Medicaid")): Object: 'Object Repository/TL_CURA_OBJ/Page_CURA Healthcare Service/label_Medicaid' is clicked on

02-02-2024T18:43:04 - [MESSAGE][PASSED] - Object: 'Object Repository/TL_CURA_OBJ/Page_CURA Healthcare Service/label_Medicaid' is clicked on

02-02-2024T18:43:04 - [TEST_STEP][PASSED] - click(findTestObject("Object Repository/TL_CURA_OBJ/Page_CURA Healthcare Service/input_visit_date")): Object: 'Object Repository/TL_CURA_OBJ/Page_CURA Healthcare Service/input_visit_date' is clicked on

02-02-2024T18:43:05 - [MESSAGE][PASSED] - Object: 'Object Repository/TL_CURA_OBJ/Page_CURA Healthcare Service/input_visit_date' is clicked on

02-02-2024T18:43:05 - [TEST_STEP][PASSED] - click(findTestObject("Object Repository/TL_CURA_OBJ/Page_CURA Healthcare Service/td_30")): Object: 'Object Repository/TL_CURA_OBJ/Page_CURA Healthcare Service/td_30' is clicked on

02-02-2024T18:43:06 - [MESSAGE][PASSED] - Object: 'Object Repository/TL_CURA_OBJ/Page_CURA Healthcare Service/td_30' is clicked on

02-02-2024T18:43:06 - [TEST_STEP][PASSED] - setText(findTestObject("Object Repository/TL_CURA_OBJ/Page_CURA Healthcare Service/textarea_comment"), "fever"): Text 'fever' is set on object 'Object Repository/TL_CURA_OBJ/Page_CURA Healthcare Service/textarea_comment'

02-02-2024T18:43:07 - [MESSAGE][PASSED] - Text 'fever' is set on object 'Object Repository/TL_CURA_OBJ/Page_CURA Healthcare Service/textarea_comment'

02-02-2024T18:43:07 - [TEST_STEP][PASSED] - click(findTestObject("Object Repository/TL_CURA_OBJ/Page_CURA Healthcare Service/button_Book Appointment")): Object: 'Object Repository/TL_CURA_OBJ/Page_CURA Healthcare Service/button_Book Appointment' is clicked on

02-02-2024T18:43:08 - [MESSAGE][PASSED] - Object: 'Object Repository/TL_CURA_OBJ/Page_CURA Healthcare Service/button_Book Appointment' is clicked on

02-02-2024T18:43:08 - [TEST_STEP][PASSED] - click(findTestObject("Object Repository/TL_CURA_OBJ/Page_CURA Healthcare Service/amenu-toggle")): Object: 'Object Repository/TL_CURA_OBJ/Page_CURA Healthcare Service/amenu-toggle' is clicked on

02-02-2024T18:43:09 - [MESSAGE][PASSED] - Object: 'Object Repository/TL_CURA_OBJ/Page_CURA Healthcare Service/amenu-toggle' is clicked on

02-02-2024T18:43:09 - [TEST_STEP][PASSED] - click(findTestObject("Object Repository/TL_CURA_OBJ/Page_CURA Healthcare Service/a_History")): Object: 'Object Repository/TL_CURA_OBJ/Page_CURA Healthcare Service/a_History' is clicked on

02-02-2024T18:43:10 - [MESSAGE][PASSED] - Object: 'Object Repository/TL_CURA_OBJ/Page_CURA Healthcare Service/a_History' is clicked on

02-02-2024T18:43:10 - [TEST_STEP][ERROR] - Start listener action : sampleAfterTestCase: com.kms.katalon.core.exception.StepFailedException: Unable to set text 'John Doe' of object 'Object Repository/TL_CURA_OBJ/Page_CURA Healthcare Service/input_username'
	at com.kms.katalon.core.webui.keyword.internal.WebUIKeywordMain.stepFailed(WebUIKeywordMain.groovy:64)
	at com.kms.katalon.core.webui.keyword.internal.WebUIKeywordMain.runKeyword(WebUIKeywordMain.groovy:26)
	at com.kms.katalon.core.webui.keyword.builtin.SetTextKeyword.setText(SetTextKeyword.groovy:66)
	at com.kms.katalon.core.webui.keyword.builtin.SetTextKeyword.execute(SetTextKeyword.groovy:37)
	at com.kms.katalon.core.keyword.internal.KeywordExecutor.executeKeywordForPlatform(KeywordExecutor.groovy:74)
	at com.kms.katalon.core.webui.keyword.WebUiBuiltInKeywords.setText(WebUiBuiltInKeywords.groovy:1019)
	at TL_cura_healthcare.sampleAfterTestCase(TL_cura_healthcare.groovy:46)
	at java.base/jdk.internal.reflect.NativeMethodAccessorImpl.invoke0(Native Method)
	at java.base/jdk.internal.reflect.NativeMethodAccessorImpl.invoke(NativeMethodAccessorImpl.java:77)
	at java.base/jdk.internal.reflect.DelegatingMethodAccessorImpl.invoke(DelegatingMethodAccessorImpl.java:43)
	at com.kms.katalon.core.context.internal.TestHooker.invokeMethod(TestHooker.java:111)
	at com.kms.katalon.core.context.internal.TestHooker.lambda$3(TestHooker.java:95)
	at com.kms.katalon.core.context.internal.TestHooker.invokeContextMethods(TestHooker.java:94)
	at com.kms.katalon.core.context.internal.TestListenerCollector.lambda$3(TestListenerCollector.java:88)
	at com.kms.katalon.core.context.internal.TestListenerCollector.handleListenerEvent(TestListenerCollector.java:85)
	at com.kms.katalon.core.context.internal.ExecutionEventManager.publicEvent(ExecutionEventManager.java:36)
	at com.kms.katalon.core.main.TestCaseExecutor.execute(TestCaseExecutor.java:315)
	at com.kms.katalon.core.common.CommonExecutor.accessTestCaseMainPhase(CommonExecutor.java:65)
	at com.kms.katalon.core.main.TestSuiteExecutor.accessTestSuiteMainPhase(TestSuiteExecutor.java:148)
	at com.kms.katalon.core.main.TestSuiteExecutor.execute(TestSuiteExecutor.java:106)
	at com.kms.katalon.core.main.TestCaseMain.startTestSuite(TestCaseMain.java:180)
	at TempTestSuite1706879524839.run(TempTestSuite1706879524839.groovy:36)
	at java.base/jdk.internal.reflect.NativeMethodAccessorImpl.invoke0(Native Method)
	at java.base/jdk.internal.reflect.NativeMethodAccessorImpl.invoke(NativeMethodAccessorImpl.java:77)
	at java.base/jdk.internal.reflect.DelegatingMethodAccessorImpl.invoke(DelegatingMethodAccessorImpl.java:43)
Caused by: com.kms.katalon.core.webui.exception.WebElementNotFoundException: Web element with id: 'Object Repository/TL_CURA_OBJ/Page_CURA Healthcare Service/input_username' located by '//input[@id='txt-username']' not found
	at com.kms.katalon.core.webui.common.WebUiCommonHelper.findWebElement(WebUiCommonHelper.java:1379)
	at com.kms.katalon.core.webui.keyword.internal.WebUIAbstractKeyword.findWebElement(WebUIAbstractKeyword.groovy:27)
	at com.kms.katalon.core.webui.keyword.internal.WebUIAbstractKeyword.findWebElement(WebUIAbstractKeyword.groovy:26)
	at com.kms.katalon.core.webui.keyword.builtin.SetTextKeyword$_setText_closure1.doCall(SetTextKeyword.groovy:51)
	at com.kms.katalon.core.webui.keyword.builtin.SetTextKeyword$_setText_closure1.call(SetTextKeyword.groovy)
	at com.kms.katalon.core.webui.keyword.internal.WebUIKeywordMain.runKeyword(WebUIKeywordMain.groovy:20)
	... 23 more


02-02-2024T18:43:10 - [TEST_STEP][ERROR] - setText(findTestObject("Object Repository/TL_CURA_OBJ/Page_CURA Healthcare Service/input_username"), "John Doe"): com.kms.katalon.core.exception.StepFailedException: Unable to set text 'John Doe' of object 'Object Repository/TL_CURA_OBJ/Page_CURA Healthcare Service/input_username'
	at com.kms.katalon.core.webui.keyword.internal.WebUIKeywordMain.stepFailed(WebUIKeywordMain.groovy:64)
	at com.kms.katalon.core.webui.keyword.internal.WebUIKeywordMain.runKeyword(WebUIKeywordMain.groovy:26)
	at com.kms.katalon.core.webui.keyword.builtin.SetTextKeyword.setText(SetTextKeyword.groovy:66)
	at com.kms.katalon.core.webui.keyword.builtin.SetTextKeyword.execute(SetTextKeyword.groovy:37)
	at com.kms.katalon.core.keyword.internal.KeywordExecutor.executeKeywordForPlatform(KeywordExecutor.groovy:74)
	at com.kms.katalon.core.webui.keyword.WebUiBuiltInKeywords.setText(WebUiBuiltInKeywords.groovy:1019)
	at TL_cura_healthcare.sampleAfterTestCase(TL_cura_healthcare.groovy:46)
	at java.base/jdk.internal.reflect.NativeMethodAccessorImpl.invoke0(Native Method)
	at java.base/jdk.internal.reflect.NativeMethodAccessorImpl.invoke(NativeMethodAccessorImpl.java:77)
	at java.base/jdk.internal.reflect.DelegatingMethodAccessorImpl.invoke(DelegatingMethodAccessorImpl.java:43)
	at com.kms.katalon.core.context.internal.TestHooker.invokeMethod(TestHooker.java:111)
	at com.kms.katalon.core.context.internal.TestHooker.lambda$3(TestHooker.java:95)
	at com.kms.katalon.core.context.internal.TestHooker.invokeContextMethods(TestHooker.java:94)
	at com.kms.katalon.core.context.internal.TestListenerCollector.lambda$3(TestListenerCollector.java:88)
	at com.kms.katalon.core.context.internal.TestListenerCollector.handleListenerEvent(TestListenerCollector.java:85)
	at com.kms.katalon.core.context.internal.ExecutionEventManager.publicEvent(ExecutionEventManager.java:36)
	at com.kms.katalon.core.main.TestCaseExecutor.execute(TestCaseExecutor.java:315)
	at com.kms.katalon.core.common.CommonExecutor.accessTestCaseMainPhase(CommonExecutor.java:65)
	at com.kms.katalon.core.main.TestSuiteExecutor.accessTestSuiteMainPhase(TestSuiteExecutor.java:148)
	at com.kms.katalon.core.main.TestSuiteExecutor.execute(TestSuiteExecutor.java:106)
	at com.kms.katalon.core.main.TestCaseMain.startTestSuite(TestCaseMain.java:180)
	at TempTestSuite1706879524839.run(TempTestSuite1706879524839.groovy:36)
	at java.base/jdk.internal.reflect.NativeMethodAccessorImpl.invoke0(Native Method)
	at java.base/jdk.internal.reflect.NativeMethodAccessorImpl.invoke(NativeMethodAccessorImpl.java:77)
	at java.base/jdk.internal.reflect.DelegatingMethodAccessorImpl.invoke(DelegatingMethodAccessorImpl.java:43)
Caused by: com.kms.katalon.core.webui.exception.WebElementNotFoundException: Web element with id: 'Object Repository/TL_CURA_OBJ/Page_CURA Healthcare Service/input_username' located by '//input[@id='txt-username']' not found
	at com.kms.katalon.core.webui.common.WebUiCommonHelper.findWebElement(WebUiCommonHelper.java:1379)
	at com.kms.katalon.core.webui.keyword.internal.WebUIAbstractKeyword.findWebElement(WebUIAbstractKeyword.groovy:27)
	at com.kms.katalon.core.webui.keyword.internal.WebUIAbstractKeyword.findWebElement(WebUIAbstractKeyword.groovy:26)
	at com.kms.katalon.core.webui.keyword.builtin.SetTextKeyword$_setText_closure1.doCall(SetTextKeyword.groovy:51)
	at com.kms.katalon.core.webui.keyword.builtin.SetTextKeyword$_setText_closure1.call(SetTextKeyword.groovy)
	at com.kms.katalon.core.webui.keyword.internal.WebUIKeywordMain.runKeyword(WebUIKeywordMain.groovy:20)
	... 23 more


02-02-2024T18:43:42 - [MESSAGE][INFO] - Unable to find the element located by 'By.xpath: //input[@id='txt-username']'. Please recheck the objects properties to make sure the desired element is located. 

02-02-2024T18:43:42 - [MESSAGE][WARNING] - [SELF-HEALING] Failed to find element with id 'Object Repository/TL_CURA_OBJ/Page_CURA Healthcare Service/input_username'. Try using Self-healing.

02-02-2024T18:43:44 - [MESSAGE][INFO] - [SELF-HEALING] Failed Locator: '//input[@id='txt-username']'.

02-02-2024T18:43:47 - [MESSAGE][INFO] - [SELF-HEALING] Failed Locator: '//section[@id='login']/div/div/div[2]/form/div[2]/div/input'.

02-02-2024T18:43:49 - [MESSAGE][INFO] - [SELF-HEALING] Failed Locator: '//div[2]/div/input'.

02-02-2024T18:43:51 - [MESSAGE][INFO] - [SELF-HEALING] Failed Locator: '//input[@type = 'text' and @id = 'txt-username' and @name = 'username' and @placeholder = 'Username']'.

02-02-2024T18:43:53 - [MESSAGE][INFO] - Unable to find the element located by 'By.xpath: //*[@type = 'text' and @id = 'txt-username' and @name = 'username' and @placeholder = 'Username']'. Please recheck the objects properties to make sure the desired element is located. 

02-02-2024T18:43:55 - [MESSAGE][INFO] - Unable to find the element located by 'By.cssSelector: #txt-username'. Please recheck the objects properties to make sure the desired element is located. 

02-02-2024T18:43:55 - [MESSAGE][FAILED] - Unable to set text 'John Doe' of object 'Object Repository/TL_CURA_OBJ/Page_CURA Healthcare Service/input_username' (Root cause: com.kms.katalon.core.exception.StepFailedException: Unable to set text 'John Doe' of object 'Object Repository/TL_CURA_OBJ/Page_CURA Healthcare Service/input_username'
	at com.kms.katalon.core.webui.keyword.internal.WebUIKeywordMain.stepFailed(WebUIKeywordMain.groovy:64)
	at com.kms.katalon.core.webui.keyword.internal.WebUIKeywordMain.runKeyword(WebUIKeywordMain.groovy:26)
	at com.kms.katalon.core.webui.keyword.builtin.SetTextKeyword.setText(SetTextKeyword.groovy:66)
	at com.kms.katalon.core.webui.keyword.builtin.SetTextKeyword.execute(SetTextKeyword.groovy:37)
	at com.kms.katalon.core.keyword.internal.KeywordExecutor.executeKeywordForPlatform(KeywordExecutor.groovy:74)
	at com.kms.katalon.core.webui.keyword.WebUiBuiltInKeywords.setText(WebUiBuiltInKeywords.groovy:1019)
	at TL_cura_healthcare.sampleAfterTestCase(TL_cura_healthcare.groovy:46)
	at java.base/jdk.internal.reflect.NativeMethodAccessorImpl.invoke0(Native Method)
	at java.base/jdk.internal.reflect.NativeMethodAccessorImpl.invoke(NativeMethodAccessorImpl.java:77)
	at java.base/jdk.internal.reflect.DelegatingMethodAccessorImpl.invoke(DelegatingMethodAccessorImpl.java:43)
	at com.kms.katalon.core.context.internal.TestHooker.invokeMethod(TestHooker.java:111)
	at com.kms.katalon.core.context.internal.TestHooker.lambda$3(TestHooker.java:95)
	at com.kms.katalon.core.context.internal.TestHooker.invokeContextMethods(TestHooker.java:94)
	at com.kms.katalon.core.context.internal.TestListenerCollector.lambda$3(TestListenerCollector.java:88)
	at com.kms.katalon.core.context.internal.TestListenerCollector.handleListenerEvent(TestListenerCollector.java:85)
	at com.kms.katalon.core.context.internal.ExecutionEventManager.publicEvent(ExecutionEventManager.java:36)
	at com.kms.katalon.core.main.TestCaseExecutor.execute(TestCaseExecutor.java:315)
	at com.kms.katalon.core.common.CommonExecutor.accessTestCaseMainPhase(CommonExecutor.java:65)
	at com.kms.katalon.core.main.TestSuiteExecutor.accessTestSuiteMainPhase(TestSuiteExecutor.java:148)
	at com.kms.katalon.core.main.TestSuiteExecutor.execute(TestSuiteExecutor.java:106)
	at com.kms.katalon.core.main.TestCaseMain.startTestSuite(TestCaseMain.java:180)
	at TempTestSuite1706879524839.run(TempTestSuite1706879524839.groovy:36)
	at java.base/jdk.internal.reflect.NativeMethodAccessorImpl.invoke0(Native Method)
	at java.base/jdk.internal.reflect.NativeMethodAccessorImpl.invoke(NativeMethodAccessorImpl.java:77)
	at java.base/jdk.internal.reflect.DelegatingMethodAccessorImpl.invoke(DelegatingMethodAccessorImpl.java:43)
Caused by: com.kms.katalon.core.webui.exception.WebElementNotFoundException: Web element with id: 'Object Repository/TL_CURA_OBJ/Page_CURA Healthcare Service/input_username' located by '//input[@id='txt-username']' not found
	at com.kms.katalon.core.webui.common.WebUiCommonHelper.findWebElement(WebUiCommonHelper.java:1379)
	at com.kms.katalon.core.webui.keyword.internal.WebUIAbstractKeyword.findWebElement(WebUIAbstractKeyword.groovy:27)
	at com.kms.katalon.core.webui.keyword.internal.WebUIAbstractKeyword.findWebElement(WebUIAbstractKeyword.groovy:26)
	at com.kms.katalon.core.webui.keyword.builtin.SetTextKeyword$_setText_closure1.doCall(SetTextKeyword.groovy:51)
	at com.kms.katalon.core.webui.keyword.builtin.SetTextKeyword$_setText_closure1.call(SetTextKeyword.groovy)
	at com.kms.katalon.core.webui.keyword.internal.WebUIKeywordMain.runKeyword(WebUIKeywordMain.groovy:20)
	... 23 more
)
[[ATTACHMENT|/home/vishnu/git/Testing_project_CURA-HEALTHCARE/Reports/20240202_184204/TL_TS_CURA/TS_cura_TL/20240202_184204/1706879635394.png]]

02-02-2024T18:43:55 - [MESSAGE][ERROR] - com.kms.katalon.core.exception.StepFailedException: Unable to set text 'John Doe' of object 'Object Repository/TL_CURA_OBJ/Page_CURA Healthcare Service/input_username'
	at com.kms.katalon.core.webui.keyword.internal.WebUIKeywordMain.stepFailed(WebUIKeywordMain.groovy:64)
	at com.kms.katalon.core.webui.keyword.internal.WebUIKeywordMain.runKeyword(WebUIKeywordMain.groovy:26)
	at com.kms.katalon.core.webui.keyword.builtin.SetTextKeyword.setText(SetTextKeyword.groovy:66)
	at com.kms.katalon.core.webui.keyword.builtin.SetTextKeyword.execute(SetTextKeyword.groovy:37)
	at com.kms.katalon.core.keyword.internal.KeywordExecutor.executeKeywordForPlatform(KeywordExecutor.groovy:74)
	at com.kms.katalon.core.webui.keyword.WebUiBuiltInKeywords.setText(WebUiBuiltInKeywords.groovy:1019)
	at TL_cura_healthcare.sampleAfterTestCase(TL_cura_healthcare.groovy:46)
	at java.base/jdk.internal.reflect.NativeMethodAccessorImpl.invoke0(Native Method)
	at java.base/jdk.internal.reflect.NativeMethodAccessorImpl.invoke(NativeMethodAccessorImpl.java:77)
	at java.base/jdk.internal.reflect.DelegatingMethodAccessorImpl.invoke(DelegatingMethodAccessorImpl.java:43)
	at com.kms.katalon.core.context.internal.TestHooker.invokeMethod(TestHooker.java:111)
	at com.kms.katalon.core.context.internal.TestHooker.lambda$3(TestHooker.java:95)
	at com.kms.katalon.core.context.internal.TestHooker.invokeContextMethods(TestHooker.java:94)
	at com.kms.katalon.core.context.internal.TestListenerCollector.lambda$3(TestListenerCollector.java:88)
	at com.kms.katalon.core.context.internal.TestListenerCollector.handleListenerEvent(TestListenerCollector.java:85)
	at com.kms.katalon.core.context.internal.ExecutionEventManager.publicEvent(ExecutionEventManager.java:36)
	at com.kms.katalon.core.main.TestCaseExecutor.execute(TestCaseExecutor.java:315)
	at com.kms.katalon.core.common.CommonExecutor.accessTestCaseMainPhase(CommonExecutor.java:65)
	at com.kms.katalon.core.main.TestSuiteExecutor.accessTestSuiteMainPhase(TestSuiteExecutor.java:148)
	at com.kms.katalon.core.main.TestSuiteExecutor.execute(TestSuiteExecutor.java:106)
	at com.kms.katalon.core.main.TestCaseMain.startTestSuite(TestCaseMain.java:180)
	at TempTestSuite1706879524839.run(TempTestSuite1706879524839.groovy:36)
	at java.base/jdk.internal.reflect.NativeMethodAccessorImpl.invoke0(Native Method)
	at java.base/jdk.internal.reflect.NativeMethodAccessorImpl.invoke(NativeMethodAccessorImpl.java:77)
	at java.base/jdk.internal.reflect.DelegatingMethodAccessorImpl.invoke(DelegatingMethodAccessorImpl.java:43)
Caused by: com.kms.katalon.core.webui.exception.WebElementNotFoundException: Web element with id: 'Object Repository/TL_CURA_OBJ/Page_CURA Healthcare Service/input_username' located by '//input[@id='txt-username']' not found
	at com.kms.katalon.core.webui.common.WebUiCommonHelper.findWebElement(WebUiCommonHelper.java:1379)
	at com.kms.katalon.core.webui.keyword.internal.WebUIAbstractKeyword.findWebElement(WebUIAbstractKeyword.groovy:27)
	at com.kms.katalon.core.webui.keyword.internal.WebUIAbstractKeyword.findWebElement(WebUIAbstractKeyword.groovy:26)
	at com.kms.katalon.core.webui.keyword.builtin.SetTextKeyword$_setText_closure1.doCall(SetTextKeyword.groovy:51)
	at com.kms.katalon.core.webui.keyword.builtin.SetTextKeyword$_setText_closure1.call(SetTextKeyword.groovy)
	at com.kms.katalon.core.webui.keyword.internal.WebUIKeywordMain.runKeyword(WebUIKeywordMain.groovy:20)
	... 23 more]]></system-out>
         <system-err><![CDATA[]]></system-err>
      </testcase>
      <system-out><![CDATA[02-02-2024T18:42:25 - [TEST_SUITE][PASSED] - TS_cura_TL: Test Cases/TL_TC_CURA/TL_CURA_file]]></system-out>
      <system-err><![CDATA[]]></system-err>
   </testsuite>
</testsuites>
