<?xml version="1.0" encoding="UTF-8"?>
<testsuites name="TSC_CURA_ALL" time="127.741" tests="5" failures="0" errors="1">
   <testsuite name="CURA_Validation_TC" tests="1" failures="0" errors="0" time="8.645" skipped="0" timestamp="30-01-2024T12:13:38" hostname="vishnu - vishnu" id="Test Suites/TS_CURA/CURA_Validation_TC">
      <properties>
         <property name="deviceName" value=""/>
         <property name="devicePlatform" value=""/>
         <property name="logFolder" value="/home/vishnu/git/Testing_project_CURA-HEALTHCARE/Reports/20240130_121326/TS_CURA/CURA_Validation_TC/20240130_121327"/>
         <property name="logFiles" value="/home/vishnu/git/Testing_project_CURA-HEALTHCARE/Reports/20240130_121326/TS_CURA/CURA_Validation_TC/20240130_121327/execution0.log"/>
         <property name="attachments" value=""/>
         <property name="hostName" value="vishnu - vishnu"/>
         <property name="os" value="Linux 64bit"/>
         <property name="katalonVersion" value="9.2.0.212"/>
         <property name="browser" value="Chrome 120.0.0.0"/>
         <property name="hostAddress" value="127.0.1.1"/>
         <property name="sessionId" value="a762cfe73d24e2b9c12575ed729de7d2"/>
         <property name="seleniumVersion" value="3.141.59"/>
         <property name="proxyInformation" value="ProxyInformation { proxyOption=NO_PROXY, proxyServerType=HTTP, username=, password=********, proxyServerAddress=, proxyServerPort=0, executionList=&quot;&quot;, isApplyToDesiredCapabilities=true }"/>
         <property name="platform" value="Linux"/>
      </properties>
      <testcase name="Test Cases/CURA_Name_validation/CURA Heading validation" time="8.391" classname="Test Cases/CURA_Name_validation/CURA Heading validation" status="PASSED">
         <system-out><![CDATA[30-01-2024T12:13:38 - [TEST_CASE][PASSED] - Test Cases/CURA_Name_validation/CURA Heading validation: Test Cases/CURA_Name_validation/CURA Heading validation

30-01-2024T12:13:39 - [TEST_STEP][PASSED] - openBrowser(link): Browser is opened with url: 'https://katalon-demo-cura.herokuapp.com/'

30-01-2024T12:13:39 - [MESSAGE][INFO] - Starting 'Chrome' driver

30-01-2024T12:13:39 - [MESSAGE][INFO] - Action delay is set to 0 milliseconds

30-01-2024T12:13:46 - [MESSAGE][PASSED] - Browser is opened with url: 'https://katalon-demo-cura.herokuapp.com/'

30-01-2024T12:13:46 - [TEST_STEP][PASSED] - verifyElementPresent(findTestObject("cura_healthcare/Cura_name_validation/h1_CURA Healthcare Service"), 0): Object 'Object Repository/cura_healthcare/Cura_name_validation/h1_CURA Healthcare Service' is present

30-01-2024T12:13:46 - [MESSAGE][WARNING] - Timeout '0' is invalid. Using default page load timeout: '30'

30-01-2024T12:13:47 - [MESSAGE][PASSED] - Object 'Object Repository/cura_healthcare/Cura_name_validation/h1_CURA Healthcare Service' is present]]></system-out>
         <system-err><![CDATA[]]></system-err>
      </testcase>
      <system-out><![CDATA[30-01-2024T12:13:38 - [TEST_SUITE][PASSED] - CURA_Validation_TC: Test Cases/CURA_Name_validation/CURA Heading validation]]></system-out>
      <system-err><![CDATA[]]></system-err>
   </testsuite>
   <testsuite name="CURA_History-Logout_TS" tests="2" failures="0" errors="0" time="44.791" skipped="0" timestamp="30-01-2024T12:13:51" hostname="vishnu - vishnu" id="Test Suites/TS_CURA/CURA_History-Logout_TS">
      <properties>
         <property name="deviceName" value=""/>
         <property name="devicePlatform" value=""/>
         <property name="logFolder" value="/home/vishnu/git/Testing_project_CURA-HEALTHCARE/Reports/20240130_121326/TS_CURA/CURA_History-Logout_TS/20240130_121329"/>
         <property name="logFiles" value="/home/vishnu/git/Testing_project_CURA-HEALTHCARE/Reports/20240130_121326/TS_CURA/CURA_History-Logout_TS/20240130_121329/execution0.log"/>
         <property name="attachments" value=""/>
         <property name="hostName" value="vishnu - vishnu"/>
         <property name="os" value="Linux 64bit"/>
         <property name="katalonVersion" value="9.2.0.212"/>
         <property name="browser" value="Chrome 120.0.0.0"/>
         <property name="hostAddress" value="127.0.1.1"/>
         <property name="sessionId" value="50b0517c054a410ab1093903b7527989"/>
         <property name="seleniumVersion" value="3.141.59"/>
         <property name="proxyInformation" value="ProxyInformation { proxyOption=NO_PROXY, proxyServerType=HTTP, username=, password=********, proxyServerAddress=, proxyServerPort=0, executionList=&quot;&quot;, isApplyToDesiredCapabilities=true }"/>
         <property name="platform" value="Linux"/>
      </properties>
      <testcase name="Test Cases/CURA_History/History" time="21.571" classname="Test Cases/CURA_History/History" status="PASSED">
         <system-out><![CDATA[30-01-2024T12:13:51 - [TEST_CASE][PASSED] - Test Cases/CURA_History/History: Test Cases/CURA_History/History

30-01-2024T12:13:51 - [TEST_STEP][PASSED] - callTestCase(findTestCase("CURA_Makeappointment/appointment booking"), ["Hospital":findTestData("CURA_BookingAppointment/Dropdown_list").getValue(1, 1), "Program":findTestData("CURA_BookingAppointment/Healthcare_Program").getValue(1, 1), ... ], STOP_ON_FAILURE): Call Test Case 'Test Cases/CURA_Makeappointment/appointment booking' successfully

30-01-2024T12:13:52 - [TEST_CASE][PASSED] - Test Cases/CURA_Makeappointment/appointment booking: Test Cases/CURA_Makeappointment/appointment booking

30-01-2024T12:13:52 - [TEST_STEP][PASSED] - callTestCase(findTestCase("CURA_Login/Login"), ["link":"https://katalon-demo-cura.herokuapp.com/", "Name":findTestData("CURA_login_data/login_data").getValue(1, 1), "Password":findTestData("CURA_login_data/login_data").getValue(2, 1)], STOP_ON_FAILURE): Call Test Case 'Test Cases/CURA_Login/Login' successfully

30-01-2024T12:13:52 - [TEST_CASE][PASSED] - Test Cases/CURA_Login/Login: Test Cases/CURA_Login/Login

30-01-2024T12:13:52 - [TEST_STEP][PASSED] - callTestCase(findTestCase("CURA_Name_validation/CURA Heading validation"), ["link":"https://katalon-demo-cura.herokuapp.com/"], STOP_ON_FAILURE): Call Test Case 'Test Cases/CURA_Name_validation/CURA Heading validation' successfully

30-01-2024T12:13:52 - [TEST_CASE][PASSED] - Test Cases/CURA_Name_validation/CURA Heading validation: Test Cases/CURA_Name_validation/CURA Heading validation

30-01-2024T12:13:52 - [TEST_STEP][PASSED] - openBrowser(link): Browser is opened with url: 'https://katalon-demo-cura.herokuapp.com/'

30-01-2024T12:13:53 - [MESSAGE][INFO] - Starting 'Chrome' driver

30-01-2024T12:13:53 - [MESSAGE][INFO] - Action delay is set to 0 milliseconds

30-01-2024T12:13:59 - [MESSAGE][PASSED] - Browser is opened with url: 'https://katalon-demo-cura.herokuapp.com/'

30-01-2024T12:13:59 - [TEST_STEP][PASSED] - verifyElementPresent(findTestObject("cura_healthcare/Cura_name_validation/h1_CURA Healthcare Service"), 0): Object 'Object Repository/cura_healthcare/Cura_name_validation/h1_CURA Healthcare Service' is present

30-01-2024T12:13:59 - [MESSAGE][WARNING] - Timeout '0' is invalid. Using default page load timeout: '30'

30-01-2024T12:13:59 - [MESSAGE][PASSED] - Object 'Object Repository/cura_healthcare/Cura_name_validation/h1_CURA Healthcare Service' is present

30-01-2024T12:13:59 - [MESSAGE][PASSED] - Call Test Case 'Test Cases/CURA_Name_validation/CURA Heading validation' successfully

30-01-2024T12:13:59 - [TEST_STEP][PASSED] - click(findTestObject("cura_healthcare/Cura_LOGIN/Cura_login/i_CURA Healthcare_fa fa-bars")): Object: 'Object Repository/cura_healthcare/Cura_LOGIN/Cura_login/i_CURA Healthcare_fa fa-bars' is clicked on

30-01-2024T12:14:00 - [MESSAGE][PASSED] - Object: 'Object Repository/cura_healthcare/Cura_LOGIN/Cura_login/i_CURA Healthcare_fa fa-bars' is clicked on

30-01-2024T12:14:00 - [TEST_STEP][PASSED] - click(findTestObject("cura_healthcare/Cura_LOGIN/Cura_login/a_Login")): Object: 'Object Repository/cura_healthcare/Cura_LOGIN/Cura_login/a_Login' is clicked on

30-01-2024T12:14:01 - [MESSAGE][PASSED] - Object: 'Object Repository/cura_healthcare/Cura_LOGIN/Cura_login/a_Login' is clicked on

30-01-2024T12:14:01 - [TEST_STEP][PASSED] - setText(findTestObject("cura_healthcare/Cura_LOGIN/Cura_login/input_Username"), Name): Text 'John Doe' is set on object 'Object Repository/cura_healthcare/Cura_LOGIN/Cura_login/input_Username'

30-01-2024T12:14:02 - [MESSAGE][PASSED] - Text 'John Doe' is set on object 'Object Repository/cura_healthcare/Cura_LOGIN/Cura_login/input_Username'

30-01-2024T12:14:02 - [TEST_STEP][PASSED] - setText(findTestObject("cura_healthcare/Cura_LOGIN/Cura_login/input_Password"), Password): Text 'ThisIsNotAPassword' is set on object 'Object Repository/cura_healthcare/Cura_LOGIN/Cura_login/input_Password'

30-01-2024T12:14:03 - [MESSAGE][PASSED] - Text 'ThisIsNotAPassword' is set on object 'Object Repository/cura_healthcare/Cura_LOGIN/Cura_login/input_Password'

30-01-2024T12:14:03 - [TEST_STEP][PASSED] - click(findTestObject("cura_healthcare/Cura_LOGIN/Cura_login/button_Login")): Object: 'Object Repository/cura_healthcare/Cura_LOGIN/Cura_login/button_Login' is clicked on

30-01-2024T12:14:05 - [MESSAGE][PASSED] - Object: 'Object Repository/cura_healthcare/Cura_LOGIN/Cura_login/button_Login' is clicked on

30-01-2024T12:14:05 - [MESSAGE][PASSED] - Call Test Case 'Test Cases/CURA_Login/Login' successfully

30-01-2024T12:14:05 - [TEST_STEP][PASSED] - selectOptionByValue(findTestObject("cura_healthcare/Cura_booking_appointment/Booking appointment/Dropdown list"), "Hongkong CURA Healthcare Center", false): All options with value 'Hongkong CURA Healthcare Center' are selected in object 'Object Repository/cura_healthcare/Cura_booking_appointment/Booking appointment/Dropdown list' 

30-01-2024T12:14:06 - [MESSAGE][PASSED] - All options with value 'Hongkong CURA Healthcare Center' are selected in object 'Object Repository/cura_healthcare/Cura_booking_appointment/Booking appointment/Dropdown list' 

30-01-2024T12:14:06 - [TEST_STEP][PASSED] - ky_droplist.dropdownvalue.CheckDropDownListElementExist(findTestObject("cura_healthcare/Cura_booking_appointment/Booking appointment/select_Tokyo CURA Healthcare Center        _5b4107"), "Hongkong CURA Healthcare Center"): ky_droplist.dropdownvalue.CheckDropDownListElementExist is PASSED

30-01-2024T12:14:07 - [MESSAGE][PASSED] - ky_droplist.dropdownvalue.CheckDropDownListElementExist is PASSED

30-01-2024T12:14:07 - [TEST_STEP][PASSED] - check(findTestObject("cura_healthcare/Cura_booking_appointment/Booking appointment/Readmission")): Object 'Object Repository/cura_healthcare/Cura_booking_appointment/Booking appointment/Readmission' is checked

30-01-2024T12:14:07 - [MESSAGE][PASSED] - Object 'Object Repository/cura_healthcare/Cura_booking_appointment/Booking appointment/Readmission' is checked

30-01-2024T12:14:07 - [TEST_STEP][PASSED] - check(findTestObject("cura_healthcare/Cura_booking_appointment/Booking appointment/input_Medicaid_programs")): Object 'Object Repository/cura_healthcare/Cura_booking_appointment/Booking appointment/input_Medicaid_programs' is checked

30-01-2024T12:14:07 - [MESSAGE][PASSED] - Object 'Object Repository/cura_healthcare/Cura_booking_appointment/Booking appointment/input_Medicaid_programs' is checked

30-01-2024T12:14:07 - [TEST_STEP][PASSED] - setText(findTestObject("cura_healthcare/Cura_booking_appointment/Booking appointment/input_Visit Date (Required)_visit_date"), Set_Date): Text '24/01/2024' is set on object 'Object Repository/cura_healthcare/Cura_booking_appointment/Booking appointment/input_Visit Date (Required)_visit_date'

30-01-2024T12:14:08 - [MESSAGE][PASSED] - Text '24/01/2024' is set on object 'Object Repository/cura_healthcare/Cura_booking_appointment/Booking appointment/input_Visit Date (Required)_visit_date'

30-01-2024T12:14:08 - [TEST_STEP][PASSED] - setText(findTestObject("cura_healthcare/Cura_booking_appointment/Booking appointment/textarea_Comment_comment"), Comment): Text 'Cold' is set on object 'Object Repository/cura_healthcare/Cura_booking_appointment/Booking appointment/textarea_Comment_comment'

30-01-2024T12:14:09 - [MESSAGE][PASSED] - Text 'Cold' is set on object 'Object Repository/cura_healthcare/Cura_booking_appointment/Booking appointment/textarea_Comment_comment'

30-01-2024T12:14:09 - [TEST_STEP][PASSED] - click(findTestObject("cura_healthcare/Cura_booking_appointment/Booking appointment/button_Book Appointment")): Object: 'Object Repository/cura_healthcare/Cura_booking_appointment/Booking appointment/button_Book Appointment' is clicked on

30-01-2024T12:14:10 - [MESSAGE][PASSED] - Object: 'Object Repository/cura_healthcare/Cura_booking_appointment/Booking appointment/button_Book Appointment' is clicked on

30-01-2024T12:14:10 - [MESSAGE][PASSED] - Call Test Case 'Test Cases/CURA_Makeappointment/appointment booking' successfully

30-01-2024T12:14:10 - [TEST_STEP][PASSED] - click(findTestObject("cura_healthcare/Cura_History/History/i_CURA Healthcare_fa fa-bars")): Object: 'Object Repository/cura_healthcare/Cura_History/History/i_CURA Healthcare_fa fa-bars' is clicked on

30-01-2024T12:14:11 - [MESSAGE][PASSED] - Object: 'Object Repository/cura_healthcare/Cura_History/History/i_CURA Healthcare_fa fa-bars' is clicked on

30-01-2024T12:14:11 - [TEST_STEP][PASSED] - click(findTestObject("cura_healthcare/Cura_History/History/a_History")): Object: 'Object Repository/cura_healthcare/Cura_History/History/a_History' is clicked on

30-01-2024T12:14:12 - [MESSAGE][PASSED] - Object: 'Object Repository/cura_healthcare/Cura_History/History/a_History' is clicked on

30-01-2024T12:14:12 - [TEST_STEP][PASSED] - verifyElementPresent(findTestObject("cura_healthcare/Cura_History/History/h2_History"), 0): Object 'Object Repository/cura_healthcare/Cura_History/History/h2_History' is present

30-01-2024T12:14:12 - [MESSAGE][WARNING] - Timeout '0' is invalid. Using default page load timeout: '30'

30-01-2024T12:14:12 - [MESSAGE][PASSED] - Object 'Object Repository/cura_healthcare/Cura_History/History/h2_History' is present]]></system-out>
         <system-err><![CDATA[]]></system-err>
      </testcase>
      <testcase name="Test Cases/CURA_Logout/Logout" time="23.023" classname="Test Cases/CURA_Logout/Logout" status="PASSED">
         <system-out><![CDATA[30-01-2024T12:14:13 - [TEST_CASE][PASSED] - Test Cases/CURA_Logout/Logout: Test Cases/CURA_Logout/Logout

30-01-2024T12:14:13 - [TEST_STEP][PASSED] - callTestCase(findTestCase("CURA_History/History"), [:], STOP_ON_FAILURE): Call Test Case 'Test Cases/CURA_History/History' successfully

30-01-2024T12:14:13 - [TEST_CASE][PASSED] - Test Cases/CURA_History/History: Test Cases/CURA_History/History

30-01-2024T12:14:13 - [TEST_STEP][PASSED] - callTestCase(findTestCase("CURA_Makeappointment/appointment booking"), ["Hospital":findTestData("CURA_BookingAppointment/Dropdown_list").getValue(1, 1), "Program":findTestData("CURA_BookingAppointment/Healthcare_Program").getValue(1, 1), ... ], STOP_ON_FAILURE): Call Test Case 'Test Cases/CURA_Makeappointment/appointment booking' successfully

30-01-2024T12:14:13 - [TEST_CASE][PASSED] - Test Cases/CURA_Makeappointment/appointment booking: Test Cases/CURA_Makeappointment/appointment booking

30-01-2024T12:14:13 - [TEST_STEP][PASSED] - callTestCase(findTestCase("CURA_Login/Login"), ["link":"https://katalon-demo-cura.herokuapp.com/", "Name":findTestData("CURA_login_data/login_data").getValue(1, 1), "Password":findTestData("CURA_login_data/login_data").getValue(2, 1)], STOP_ON_FAILURE): Call Test Case 'Test Cases/CURA_Login/Login' successfully

30-01-2024T12:14:13 - [TEST_CASE][PASSED] - Test Cases/CURA_Login/Login: Test Cases/CURA_Login/Login

30-01-2024T12:14:13 - [TEST_STEP][PASSED] - callTestCase(findTestCase("CURA_Name_validation/CURA Heading validation"), ["link":"https://katalon-demo-cura.herokuapp.com/"], STOP_ON_FAILURE): Call Test Case 'Test Cases/CURA_Name_validation/CURA Heading validation' successfully

30-01-2024T12:14:13 - [TEST_CASE][PASSED] - Test Cases/CURA_Name_validation/CURA Heading validation: Test Cases/CURA_Name_validation/CURA Heading validation

30-01-2024T12:14:13 - [TEST_STEP][PASSED] - openBrowser(link): Browser is opened with url: 'https://katalon-demo-cura.herokuapp.com/'

30-01-2024T12:14:13 - [MESSAGE][WARNING] - A browser is already opened. Closing browser and opening a new one

30-01-2024T12:14:13 - [MESSAGE][INFO] - Starting 'Chrome' driver

30-01-2024T12:14:13 - [MESSAGE][INFO] - Action delay is set to 0 milliseconds

30-01-2024T12:14:20 - [MESSAGE][PASSED] - Browser is opened with url: 'https://katalon-demo-cura.herokuapp.com/'

30-01-2024T12:14:20 - [TEST_STEP][PASSED] - verifyElementPresent(findTestObject("cura_healthcare/Cura_name_validation/h1_CURA Healthcare Service"), 0): Object 'Object Repository/cura_healthcare/Cura_name_validation/h1_CURA Healthcare Service' is present

30-01-2024T12:14:20 - [MESSAGE][WARNING] - Timeout '0' is invalid. Using default page load timeout: '30'

30-01-2024T12:14:20 - [MESSAGE][PASSED] - Object 'Object Repository/cura_healthcare/Cura_name_validation/h1_CURA Healthcare Service' is present

30-01-2024T12:14:20 - [MESSAGE][PASSED] - Call Test Case 'Test Cases/CURA_Name_validation/CURA Heading validation' successfully

30-01-2024T12:14:20 - [TEST_STEP][PASSED] - click(findTestObject("cura_healthcare/Cura_LOGIN/Cura_login/i_CURA Healthcare_fa fa-bars")): Object: 'Object Repository/cura_healthcare/Cura_LOGIN/Cura_login/i_CURA Healthcare_fa fa-bars' is clicked on

30-01-2024T12:14:21 - [MESSAGE][PASSED] - Object: 'Object Repository/cura_healthcare/Cura_LOGIN/Cura_login/i_CURA Healthcare_fa fa-bars' is clicked on

30-01-2024T12:14:21 - [TEST_STEP][PASSED] - click(findTestObject("cura_healthcare/Cura_LOGIN/Cura_login/a_Login")): Object: 'Object Repository/cura_healthcare/Cura_LOGIN/Cura_login/a_Login' is clicked on

30-01-2024T12:14:22 - [MESSAGE][PASSED] - Object: 'Object Repository/cura_healthcare/Cura_LOGIN/Cura_login/a_Login' is clicked on

30-01-2024T12:14:22 - [TEST_STEP][PASSED] - setText(findTestObject("cura_healthcare/Cura_LOGIN/Cura_login/input_Username"), Name): Text 'John Doe' is set on object 'Object Repository/cura_healthcare/Cura_LOGIN/Cura_login/input_Username'

30-01-2024T12:14:23 - [MESSAGE][PASSED] - Text 'John Doe' is set on object 'Object Repository/cura_healthcare/Cura_LOGIN/Cura_login/input_Username'

30-01-2024T12:14:23 - [TEST_STEP][PASSED] - setText(findTestObject("cura_healthcare/Cura_LOGIN/Cura_login/input_Password"), Password): Text 'ThisIsNotAPassword' is set on object 'Object Repository/cura_healthcare/Cura_LOGIN/Cura_login/input_Password'

30-01-2024T12:14:24 - [MESSAGE][PASSED] - Text 'ThisIsNotAPassword' is set on object 'Object Repository/cura_healthcare/Cura_LOGIN/Cura_login/input_Password'

30-01-2024T12:14:24 - [TEST_STEP][PASSED] - click(findTestObject("cura_healthcare/Cura_LOGIN/Cura_login/button_Login")): Object: 'Object Repository/cura_healthcare/Cura_LOGIN/Cura_login/button_Login' is clicked on

30-01-2024T12:14:26 - [MESSAGE][PASSED] - Object: 'Object Repository/cura_healthcare/Cura_LOGIN/Cura_login/button_Login' is clicked on

30-01-2024T12:14:26 - [MESSAGE][PASSED] - Call Test Case 'Test Cases/CURA_Login/Login' successfully

30-01-2024T12:14:26 - [TEST_STEP][PASSED] - selectOptionByValue(findTestObject("cura_healthcare/Cura_booking_appointment/Booking appointment/Dropdown list"), "Hongkong CURA Healthcare Center", false): All options with value 'Hongkong CURA Healthcare Center' are selected in object 'Object Repository/cura_healthcare/Cura_booking_appointment/Booking appointment/Dropdown list' 

30-01-2024T12:14:27 - [MESSAGE][PASSED] - All options with value 'Hongkong CURA Healthcare Center' are selected in object 'Object Repository/cura_healthcare/Cura_booking_appointment/Booking appointment/Dropdown list' 

30-01-2024T12:14:27 - [TEST_STEP][PASSED] - ky_droplist.dropdownvalue.CheckDropDownListElementExist(findTestObject("cura_healthcare/Cura_booking_appointment/Booking appointment/select_Tokyo CURA Healthcare Center        _5b4107"), "Hongkong CURA Healthcare Center"): ky_droplist.dropdownvalue.CheckDropDownListElementExist is PASSED

30-01-2024T12:14:27 - [MESSAGE][PASSED] - ky_droplist.dropdownvalue.CheckDropDownListElementExist is PASSED

30-01-2024T12:14:27 - [TEST_STEP][PASSED] - check(findTestObject("cura_healthcare/Cura_booking_appointment/Booking appointment/Readmission")): Object 'Object Repository/cura_healthcare/Cura_booking_appointment/Booking appointment/Readmission' is checked

30-01-2024T12:14:28 - [MESSAGE][PASSED] - Object 'Object Repository/cura_healthcare/Cura_booking_appointment/Booking appointment/Readmission' is checked

30-01-2024T12:14:28 - [TEST_STEP][PASSED] - check(findTestObject("cura_healthcare/Cura_booking_appointment/Booking appointment/input_Medicaid_programs")): Object 'Object Repository/cura_healthcare/Cura_booking_appointment/Booking appointment/input_Medicaid_programs' is checked

30-01-2024T12:14:28 - [MESSAGE][PASSED] - Object 'Object Repository/cura_healthcare/Cura_booking_appointment/Booking appointment/input_Medicaid_programs' is checked

30-01-2024T12:14:28 - [TEST_STEP][PASSED] - setText(findTestObject("cura_healthcare/Cura_booking_appointment/Booking appointment/input_Visit Date (Required)_visit_date"), Set_Date): Text '24/01/2024' is set on object 'Object Repository/cura_healthcare/Cura_booking_appointment/Booking appointment/input_Visit Date (Required)_visit_date'

30-01-2024T12:14:29 - [MESSAGE][PASSED] - Text '24/01/2024' is set on object 'Object Repository/cura_healthcare/Cura_booking_appointment/Booking appointment/input_Visit Date (Required)_visit_date'

30-01-2024T12:14:29 - [TEST_STEP][PASSED] - setText(findTestObject("cura_healthcare/Cura_booking_appointment/Booking appointment/textarea_Comment_comment"), Comment): Text 'Cold' is set on object 'Object Repository/cura_healthcare/Cura_booking_appointment/Booking appointment/textarea_Comment_comment'

30-01-2024T12:14:30 - [MESSAGE][PASSED] - Text 'Cold' is set on object 'Object Repository/cura_healthcare/Cura_booking_appointment/Booking appointment/textarea_Comment_comment'

30-01-2024T12:14:30 - [TEST_STEP][PASSED] - click(findTestObject("cura_healthcare/Cura_booking_appointment/Booking appointment/button_Book Appointment")): Object: 'Object Repository/cura_healthcare/Cura_booking_appointment/Booking appointment/button_Book Appointment' is clicked on

30-01-2024T12:14:31 - [MESSAGE][PASSED] - Object: 'Object Repository/cura_healthcare/Cura_booking_appointment/Booking appointment/button_Book Appointment' is clicked on

30-01-2024T12:14:31 - [MESSAGE][PASSED] - Call Test Case 'Test Cases/CURA_Makeappointment/appointment booking' successfully

30-01-2024T12:14:31 - [TEST_STEP][PASSED] - click(findTestObject("cura_healthcare/Cura_History/History/i_CURA Healthcare_fa fa-bars")): Object: 'Object Repository/cura_healthcare/Cura_History/History/i_CURA Healthcare_fa fa-bars' is clicked on

30-01-2024T12:14:32 - [MESSAGE][PASSED] - Object: 'Object Repository/cura_healthcare/Cura_History/History/i_CURA Healthcare_fa fa-bars' is clicked on

30-01-2024T12:14:32 - [TEST_STEP][PASSED] - click(findTestObject("cura_healthcare/Cura_History/History/a_History")): Object: 'Object Repository/cura_healthcare/Cura_History/History/a_History' is clicked on

30-01-2024T12:14:33 - [MESSAGE][PASSED] - Object: 'Object Repository/cura_healthcare/Cura_History/History/a_History' is clicked on

30-01-2024T12:14:33 - [TEST_STEP][PASSED] - verifyElementPresent(findTestObject("cura_healthcare/Cura_History/History/h2_History"), 0): Object 'Object Repository/cura_healthcare/Cura_History/History/h2_History' is present

30-01-2024T12:14:33 - [MESSAGE][WARNING] - Timeout '0' is invalid. Using default page load timeout: '30'

30-01-2024T12:14:33 - [MESSAGE][PASSED] - Object 'Object Repository/cura_healthcare/Cura_History/History/h2_History' is present

30-01-2024T12:14:33 - [MESSAGE][PASSED] - Call Test Case 'Test Cases/CURA_History/History' successfully

30-01-2024T12:14:33 - [TEST_STEP][PASSED] - click(findTestObject("cura_healthcare/Cura_Logout/Logout/i_CURA Healthcare_fa fa-bars")): Object: 'Object Repository/cura_healthcare/Cura_Logout/Logout/i_CURA Healthcare_fa fa-bars' is clicked on

30-01-2024T12:14:34 - [MESSAGE][PASSED] - Object: 'Object Repository/cura_healthcare/Cura_Logout/Logout/i_CURA Healthcare_fa fa-bars' is clicked on

30-01-2024T12:14:34 - [TEST_STEP][PASSED] - click(findTestObject("cura_healthcare/Cura_Logout/Logout/a_Logout")): Object: 'Object Repository/cura_healthcare/Cura_Logout/Logout/a_Logout' is clicked on

30-01-2024T12:14:35 - [MESSAGE][PASSED] - Object: 'Object Repository/cura_healthcare/Cura_Logout/Logout/a_Logout' is clicked on

30-01-2024T12:14:35 - [TEST_STEP][PASSED] - verifyElementVisible(findTestObject("cura_healthcare/Cura_Logout/Logout/div_HOME")): Object 'Object Repository/cura_healthcare/Cura_Logout/Logout/div_HOME' is visible

30-01-2024T12:14:35 - [MESSAGE][PASSED] - Object 'Object Repository/cura_healthcare/Cura_Logout/Logout/div_HOME' is visible

30-01-2024T12:14:35 - [TEST_STEP][PASSED] - closeBrowser(): Browser is closed

30-01-2024T12:14:36 - [MESSAGE][PASSED] - Browser is closed]]></system-out>
         <system-err><![CDATA[]]></system-err>
      </testcase>
      <system-out><![CDATA[30-01-2024T12:13:51 - [TEST_SUITE][PASSED] - CURA_History-Logout_TS: Test Cases/CURA_Logout/Logout]]></system-out>
      <system-err><![CDATA[]]></system-err>
   </testsuite>
   <testsuite name="CURA_Appointment_TC" tests="1" failures="0" errors="0" time="18.729" skipped="0" timestamp="30-01-2024T12:14:39" hostname="vishnu - vishnu" id="Test Suites/TS_CURA/CURA_Appointment_TC">
      <properties>
         <property name="deviceName" value=""/>
         <property name="devicePlatform" value=""/>
         <property name="logFolder" value="/home/vishnu/git/Testing_project_CURA-HEALTHCARE/Reports/20240130_121326/TS_CURA/CURA_Appointment_TC/20240130_121331"/>
         <property name="logFiles" value="/home/vishnu/git/Testing_project_CURA-HEALTHCARE/Reports/20240130_121326/TS_CURA/CURA_Appointment_TC/20240130_121331/execution0.log"/>
         <property name="attachments" value=""/>
         <property name="hostName" value="vishnu - vishnu"/>
         <property name="os" value="Linux 64bit"/>
         <property name="katalonVersion" value="9.2.0.212"/>
         <property name="browser" value="Chrome 120.0.0.0"/>
         <property name="hostAddress" value="127.0.1.1"/>
         <property name="sessionId" value="01e58175de1216c1a98227a143872f69"/>
         <property name="seleniumVersion" value="3.141.59"/>
         <property name="proxyInformation" value="ProxyInformation { proxyOption=NO_PROXY, proxyServerType=HTTP, username=, password=********, proxyServerAddress=, proxyServerPort=0, executionList=&quot;&quot;, isApplyToDesiredCapabilities=true }"/>
         <property name="platform" value="Linux"/>
      </properties>
      <testcase name="Test Cases/CURA_Makeappointment/appointment booking" time="18.506" classname="Test Cases/CURA_Makeappointment/appointment booking" status="PASSED">
         <system-out><![CDATA[30-01-2024T12:14:39 - [TEST_CASE][PASSED] - Test Cases/CURA_Makeappointment/appointment booking: Test Cases/CURA_Makeappointment/appointment booking

30-01-2024T12:14:40 - [TEST_STEP][PASSED] - callTestCase(findTestCase("CURA_Login/Login"), ["link":"https://katalon-demo-cura.herokuapp.com/", "Name":findTestData("CURA_login_data/login_data").getValue(1, 1), "Password":findTestData("CURA_login_data/login_data").getValue(2, 1)], STOP_ON_FAILURE): Call Test Case 'Test Cases/CURA_Login/Login' successfully

30-01-2024T12:14:40 - [TEST_CASE][PASSED] - Test Cases/CURA_Login/Login: Test Cases/CURA_Login/Login

30-01-2024T12:14:40 - [TEST_STEP][PASSED] - callTestCase(findTestCase("CURA_Name_validation/CURA Heading validation"), ["link":"https://katalon-demo-cura.herokuapp.com/"], STOP_ON_FAILURE): Call Test Case 'Test Cases/CURA_Name_validation/CURA Heading validation' successfully

30-01-2024T12:14:40 - [TEST_CASE][PASSED] - Test Cases/CURA_Name_validation/CURA Heading validation: Test Cases/CURA_Name_validation/CURA Heading validation

30-01-2024T12:14:41 - [TEST_STEP][PASSED] - openBrowser(link): Browser is opened with url: 'https://katalon-demo-cura.herokuapp.com/'

30-01-2024T12:14:41 - [MESSAGE][INFO] - Starting 'Chrome' driver

30-01-2024T12:14:41 - [MESSAGE][INFO] - Action delay is set to 0 milliseconds

30-01-2024T12:14:47 - [MESSAGE][PASSED] - Browser is opened with url: 'https://katalon-demo-cura.herokuapp.com/'

30-01-2024T12:14:47 - [TEST_STEP][PASSED] - verifyElementPresent(findTestObject("cura_healthcare/Cura_name_validation/h1_CURA Healthcare Service"), 0): Object 'Object Repository/cura_healthcare/Cura_name_validation/h1_CURA Healthcare Service' is present

30-01-2024T12:14:47 - [MESSAGE][WARNING] - Timeout '0' is invalid. Using default page load timeout: '30'

30-01-2024T12:14:48 - [MESSAGE][PASSED] - Object 'Object Repository/cura_healthcare/Cura_name_validation/h1_CURA Healthcare Service' is present

30-01-2024T12:14:48 - [MESSAGE][PASSED] - Call Test Case 'Test Cases/CURA_Name_validation/CURA Heading validation' successfully

30-01-2024T12:14:48 - [TEST_STEP][PASSED] - click(findTestObject("cura_healthcare/Cura_LOGIN/Cura_login/i_CURA Healthcare_fa fa-bars")): Object: 'Object Repository/cura_healthcare/Cura_LOGIN/Cura_login/i_CURA Healthcare_fa fa-bars' is clicked on

30-01-2024T12:14:48 - [MESSAGE][PASSED] - Object: 'Object Repository/cura_healthcare/Cura_LOGIN/Cura_login/i_CURA Healthcare_fa fa-bars' is clicked on

30-01-2024T12:14:48 - [TEST_STEP][PASSED] - click(findTestObject("cura_healthcare/Cura_LOGIN/Cura_login/a_Login")): Object: 'Object Repository/cura_healthcare/Cura_LOGIN/Cura_login/a_Login' is clicked on

30-01-2024T12:14:49 - [MESSAGE][PASSED] - Object: 'Object Repository/cura_healthcare/Cura_LOGIN/Cura_login/a_Login' is clicked on

30-01-2024T12:14:49 - [TEST_STEP][PASSED] - setText(findTestObject("cura_healthcare/Cura_LOGIN/Cura_login/input_Username"), Name): Text 'John Doe' is set on object 'Object Repository/cura_healthcare/Cura_LOGIN/Cura_login/input_Username'

30-01-2024T12:14:50 - [MESSAGE][PASSED] - Text 'John Doe' is set on object 'Object Repository/cura_healthcare/Cura_LOGIN/Cura_login/input_Username'

30-01-2024T12:14:50 - [TEST_STEP][PASSED] - setText(findTestObject("cura_healthcare/Cura_LOGIN/Cura_login/input_Password"), Password): Text 'ThisIsNotAPassword' is set on object 'Object Repository/cura_healthcare/Cura_LOGIN/Cura_login/input_Password'

30-01-2024T12:14:51 - [MESSAGE][PASSED] - Text 'ThisIsNotAPassword' is set on object 'Object Repository/cura_healthcare/Cura_LOGIN/Cura_login/input_Password'

30-01-2024T12:14:51 - [TEST_STEP][PASSED] - click(findTestObject("cura_healthcare/Cura_LOGIN/Cura_login/button_Login")): Object: 'Object Repository/cura_healthcare/Cura_LOGIN/Cura_login/button_Login' is clicked on

30-01-2024T12:14:52 - [MESSAGE][PASSED] - Object: 'Object Repository/cura_healthcare/Cura_LOGIN/Cura_login/button_Login' is clicked on

30-01-2024T12:14:52 - [MESSAGE][PASSED] - Call Test Case 'Test Cases/CURA_Login/Login' successfully

30-01-2024T12:14:52 - [TEST_STEP][PASSED] - selectOptionByValue(findTestObject("cura_healthcare/Cura_booking_appointment/Booking appointment/Dropdown list"), "Hongkong CURA Healthcare Center", false): All options with value 'Hongkong CURA Healthcare Center' are selected in object 'Object Repository/cura_healthcare/Cura_booking_appointment/Booking appointment/Dropdown list' 

30-01-2024T12:14:53 - [MESSAGE][PASSED] - All options with value 'Hongkong CURA Healthcare Center' are selected in object 'Object Repository/cura_healthcare/Cura_booking_appointment/Booking appointment/Dropdown list' 

30-01-2024T12:14:53 - [TEST_STEP][PASSED] - ky_droplist.dropdownvalue.CheckDropDownListElementExist(findTestObject("cura_healthcare/Cura_booking_appointment/Booking appointment/select_Tokyo CURA Healthcare Center        _5b4107"), "Hongkong CURA Healthcare Center"): ky_droplist.dropdownvalue.CheckDropDownListElementExist is PASSED

30-01-2024T12:14:54 - [MESSAGE][PASSED] - ky_droplist.dropdownvalue.CheckDropDownListElementExist is PASSED

30-01-2024T12:14:54 - [TEST_STEP][PASSED] - check(findTestObject("cura_healthcare/Cura_booking_appointment/Booking appointment/Readmission")): Object 'Object Repository/cura_healthcare/Cura_booking_appointment/Booking appointment/Readmission' is checked

30-01-2024T12:14:55 - [MESSAGE][PASSED] - Object 'Object Repository/cura_healthcare/Cura_booking_appointment/Booking appointment/Readmission' is checked

30-01-2024T12:14:55 - [TEST_STEP][PASSED] - check(findTestObject("cura_healthcare/Cura_booking_appointment/Booking appointment/input_Medicaid_programs")): Object 'Object Repository/cura_healthcare/Cura_booking_appointment/Booking appointment/input_Medicaid_programs' is checked

30-01-2024T12:14:55 - [MESSAGE][PASSED] - Object 'Object Repository/cura_healthcare/Cura_booking_appointment/Booking appointment/input_Medicaid_programs' is checked

30-01-2024T12:14:55 - [TEST_STEP][PASSED] - setText(findTestObject("cura_healthcare/Cura_booking_appointment/Booking appointment/input_Visit Date (Required)_visit_date"), Set_Date): Text '24/01/2024' is set on object 'Object Repository/cura_healthcare/Cura_booking_appointment/Booking appointment/input_Visit Date (Required)_visit_date'

30-01-2024T12:14:56 - [MESSAGE][PASSED] - Text '24/01/2024' is set on object 'Object Repository/cura_healthcare/Cura_booking_appointment/Booking appointment/input_Visit Date (Required)_visit_date'

30-01-2024T12:14:56 - [TEST_STEP][PASSED] - setText(findTestObject("cura_healthcare/Cura_booking_appointment/Booking appointment/textarea_Comment_comment"), Comment): Text 'Cold' is set on object 'Object Repository/cura_healthcare/Cura_booking_appointment/Booking appointment/textarea_Comment_comment'

30-01-2024T12:14:57 - [MESSAGE][PASSED] - Text 'Cold' is set on object 'Object Repository/cura_healthcare/Cura_booking_appointment/Booking appointment/textarea_Comment_comment'

30-01-2024T12:14:57 - [TEST_STEP][PASSED] - click(findTestObject("cura_healthcare/Cura_booking_appointment/Booking appointment/button_Book Appointment")): Object: 'Object Repository/cura_healthcare/Cura_booking_appointment/Booking appointment/button_Book Appointment' is clicked on

30-01-2024T12:14:58 - [MESSAGE][PASSED] - Object: 'Object Repository/cura_healthcare/Cura_booking_appointment/Booking appointment/button_Book Appointment' is clicked on]]></system-out>
         <system-err><![CDATA[]]></system-err>
      </testcase>
      <system-out><![CDATA[30-01-2024T12:14:39 - [TEST_SUITE][PASSED] - CURA_Appointment_TC: Test Cases/CURA_Makeappointment/appointment booking]]></system-out>
      <system-err><![CDATA[]]></system-err>
   </testsuite>
   <testsuite name="CURA_Login_TS" tests="1" failures="0" errors="1" time="40.485" skipped="0" timestamp="30-01-2024T12:15:02" hostname="vishnu - vishnu" id="Test Suites/TS_CURA/CURA_Login_TS">
      <properties>
         <property name="deviceName" value=""/>
         <property name="devicePlatform" value=""/>
         <property name="logFolder" value="/home/vishnu/git/Testing_project_CURA-HEALTHCARE/Reports/20240130_121326/TS_CURA/CURA_Login_TS/20240130_121333"/>
         <property name="logFiles" value="/home/vishnu/git/Testing_project_CURA-HEALTHCARE/Reports/20240130_121326/TS_CURA/CURA_Login_TS/20240130_121333/execution0.log"/>
         <property name="attachments" value=""/>
         <property name="hostName" value="vishnu - vishnu"/>
         <property name="os" value="Linux 64bit"/>
         <property name="katalonVersion" value="9.2.0.212"/>
         <property name="browser" value="Chrome 120.0.0.0"/>
         <property name="hostAddress" value="127.0.1.1"/>
         <property name="sessionId" value="92bf93b4767cbcc7cadf6546e12acdbc"/>
         <property name="seleniumVersion" value="3.141.59"/>
         <property name="proxyInformation" value="ProxyInformation { proxyOption=NO_PROXY, proxyServerType=HTTP, username=, password=********, proxyServerAddress=, proxyServerPort=0, executionList=&quot;&quot;, isApplyToDesiredCapabilities=true }"/>
         <property name="platform" value="Linux"/>
      </properties>
      <testcase name="Test Cases/CURA_Login/Login" time="8.732" classname="Test Cases/CURA_Login/Login" status="ERROR">
         <error type="ERROR" message="Test Cases/CURA_Login/Login FAILED.&#xa;Reason:&#xa;groovy.lang.MissingPropertyException: No such property: Name for class: Script1706544636857&#xa;	at Login.run(Login:27)&#xa;	at com.kms.katalon.core.main.ScriptEngine.run(ScriptEngine.java:194)&#xa;	at com.kms.katalon.core.main.ScriptEngine.runScriptAsRawText(ScriptEngine.java:119)&#xa;	at com.kms.katalon.core.main.TestCaseExecutor.runScript(TestCaseExecutor.java:448)&#xa;	at com.kms.katalon.core.main.TestCaseExecutor.doExecute(TestCaseExecutor.java:439)&#xa;	at com.kms.katalon.core.main.TestCaseExecutor.processExecutionPhase(TestCaseExecutor.java:418)&#xa;	at com.kms.katalon.core.main.TestCaseExecutor.accessMainPhase(TestCaseExecutor.java:410)&#xa;	at com.kms.katalon.core.main.TestCaseExecutor.execute(TestCaseExecutor.java:285)&#xa;	at com.kms.katalon.core.main.TestCaseExecutor.execute(TestCaseExecutor.java:369)&#xa;	at com.kms.katalon.core.main.TestCaseExecutor.execute(TestCaseExecutor.java:369)&#xa;	at com.kms.katalon.core.main.TestCaseExecutor.execute(TestCaseExecutor.java:369)&#xa;	at com.kms.katalon.core.common.CommonExecutor.accessTestCaseMainPhase(CommonExecutor.java:65)&#xa;	at com.kms.katalon.core.main.TestSuiteExecutor.accessTestSuiteMainPhase(TestSuiteExecutor.java:148)&#xa;	at com.kms.katalon.core.main.TestSuiteExecutor.execute(TestSuiteExecutor.java:106)&#xa;	at com.kms.katalon.core.main.TestCaseMain.startTestSuite(TestCaseMain.java:180)&#xa;	at TempTestSuite1706597013251.run(TempTestSuite1706597013251.groovy:36)&#xa;	at java.base/jdk.internal.reflect.NativeMethodAccessorImpl.invoke0(Native Method)&#xa;	at java.base/jdk.internal.reflect.NativeMethodAccessorImpl.invoke(NativeMethodAccessorImpl.java:77)&#xa;	at java.base/jdk.internal.reflect.DelegatingMethodAccessorImpl.invoke(DelegatingMethodAccessorImpl.java:43)&#xa;"/>
         <system-out><![CDATA[30-01-2024T12:15:34 - [TEST_CASE][ERROR] - Test Cases/CURA_Login/Login: Test Cases/CURA_Login/Login FAILED.
Reason:
groovy.lang.MissingPropertyException: No such property: Name for class: Script1706544636857
	at Login.run(Login:27)
	at com.kms.katalon.core.main.ScriptEngine.run(ScriptEngine.java:194)
	at com.kms.katalon.core.main.ScriptEngine.runScriptAsRawText(ScriptEngine.java:119)
	at com.kms.katalon.core.main.TestCaseExecutor.runScript(TestCaseExecutor.java:448)
	at com.kms.katalon.core.main.TestCaseExecutor.doExecute(TestCaseExecutor.java:439)
	at com.kms.katalon.core.main.TestCaseExecutor.processExecutionPhase(TestCaseExecutor.java:418)
	at com.kms.katalon.core.main.TestCaseExecutor.accessMainPhase(TestCaseExecutor.java:410)
	at com.kms.katalon.core.main.TestCaseExecutor.execute(TestCaseExecutor.java:285)
	at com.kms.katalon.core.main.TestCaseExecutor.execute(TestCaseExecutor.java:369)
	at com.kms.katalon.core.main.TestCaseExecutor.execute(TestCaseExecutor.java:369)
	at com.kms.katalon.core.main.TestCaseExecutor.execute(TestCaseExecutor.java:369)
	at com.kms.katalon.core.common.CommonExecutor.accessTestCaseMainPhase(CommonExecutor.java:65)
	at com.kms.katalon.core.main.TestSuiteExecutor.accessTestSuiteMainPhase(TestSuiteExecutor.java:148)
	at com.kms.katalon.core.main.TestSuiteExecutor.execute(TestSuiteExecutor.java:106)
	at com.kms.katalon.core.main.TestCaseMain.startTestSuite(TestCaseMain.java:180)
	at TempTestSuite1706597013251.run(TempTestSuite1706597013251.groovy:36)
	at java.base/jdk.internal.reflect.NativeMethodAccessorImpl.invoke0(Native Method)
	at java.base/jdk.internal.reflect.NativeMethodAccessorImpl.invoke(NativeMethodAccessorImpl.java:77)
	at java.base/jdk.internal.reflect.DelegatingMethodAccessorImpl.invoke(DelegatingMethodAccessorImpl.java:43)


30-01-2024T12:15:34 - [TEST_STEP][PASSED] - callTestCase(findTestCase("CURA_Name_validation/CURA Heading validation"), ["link":"https://katalon-demo-cura.herokuapp.com/"], STOP_ON_FAILURE): Call Test Case 'Test Cases/CURA_Name_validation/CURA Heading validation' successfully

30-01-2024T12:15:34 - [TEST_CASE][PASSED] - Test Cases/CURA_Name_validation/CURA Heading validation: Test Cases/CURA_Name_validation/CURA Heading validation

30-01-2024T12:15:34 - [TEST_STEP][PASSED] - openBrowser(link): Browser is opened with url: 'https://katalon-demo-cura.herokuapp.com/'

30-01-2024T12:15:34 - [MESSAGE][WARNING] - A browser is already opened. Closing browser and opening a new one

30-01-2024T12:15:34 - [MESSAGE][INFO] - Starting 'Chrome' driver

30-01-2024T12:15:34 - [MESSAGE][INFO] - Action delay is set to 0 milliseconds

30-01-2024T12:15:40 - [MESSAGE][PASSED] - Browser is opened with url: 'https://katalon-demo-cura.herokuapp.com/'

30-01-2024T12:15:40 - [TEST_STEP][PASSED] - verifyElementPresent(findTestObject("cura_healthcare/Cura_name_validation/h1_CURA Healthcare Service"), 0): Object 'Object Repository/cura_healthcare/Cura_name_validation/h1_CURA Healthcare Service' is present

30-01-2024T12:15:40 - [MESSAGE][WARNING] - Timeout '0' is invalid. Using default page load timeout: '30'

30-01-2024T12:15:40 - [MESSAGE][PASSED] - Object 'Object Repository/cura_healthcare/Cura_name_validation/h1_CURA Healthcare Service' is present

30-01-2024T12:15:40 - [MESSAGE][PASSED] - Call Test Case 'Test Cases/CURA_Name_validation/CURA Heading validation' successfully

30-01-2024T12:15:40 - [TEST_STEP][PASSED] - click(findTestObject("cura_healthcare/Cura_LOGIN/Cura_login/i_CURA Healthcare_fa fa-bars")): Object: 'Object Repository/cura_healthcare/Cura_LOGIN/Cura_login/i_CURA Healthcare_fa fa-bars' is clicked on

30-01-2024T12:15:41 - [MESSAGE][PASSED] - Object: 'Object Repository/cura_healthcare/Cura_LOGIN/Cura_login/i_CURA Healthcare_fa fa-bars' is clicked on

30-01-2024T12:15:41 - [TEST_STEP][PASSED] - click(findTestObject("cura_healthcare/Cura_LOGIN/Cura_login/a_Login")): Object: 'Object Repository/cura_healthcare/Cura_LOGIN/Cura_login/a_Login' is clicked on

30-01-2024T12:15:42 - [MESSAGE][PASSED] - Object: 'Object Repository/cura_healthcare/Cura_LOGIN/Cura_login/a_Login' is clicked on

30-01-2024T12:15:42 - [TEST_STEP][ERROR] - setText(findTestObject("cura_healthcare/Cura_LOGIN/Cura_login/input_Username"), Name): Test Cases/CURA_Login/Login FAILED.
Reason:
groovy.lang.MissingPropertyException: No such property: Name for class: Script1706544636857
	at Login.run(Login:27)
	at com.kms.katalon.core.main.ScriptEngine.run(ScriptEngine.java:194)
	at com.kms.katalon.core.main.ScriptEngine.runScriptAsRawText(ScriptEngine.java:119)
	at com.kms.katalon.core.main.TestCaseExecutor.runScript(TestCaseExecutor.java:448)
	at com.kms.katalon.core.main.TestCaseExecutor.doExecute(TestCaseExecutor.java:439)
	at com.kms.katalon.core.main.TestCaseExecutor.processExecutionPhase(TestCaseExecutor.java:418)
	at com.kms.katalon.core.main.TestCaseExecutor.accessMainPhase(TestCaseExecutor.java:410)
	at com.kms.katalon.core.main.TestCaseExecutor.execute(TestCaseExecutor.java:285)
	at com.kms.katalon.core.main.TestCaseExecutor.execute(TestCaseExecutor.java:369)
	at com.kms.katalon.core.main.TestCaseExecutor.execute(TestCaseExecutor.java:369)
	at com.kms.katalon.core.main.TestCaseExecutor.execute(TestCaseExecutor.java:369)
	at com.kms.katalon.core.common.CommonExecutor.accessTestCaseMainPhase(CommonExecutor.java:65)
	at com.kms.katalon.core.main.TestSuiteExecutor.accessTestSuiteMainPhase(TestSuiteExecutor.java:148)
	at com.kms.katalon.core.main.TestSuiteExecutor.execute(TestSuiteExecutor.java:106)
	at com.kms.katalon.core.main.TestCaseMain.startTestSuite(TestCaseMain.java:180)
	at TempTestSuite1706597013251.run(TempTestSuite1706597013251.groovy:36)
	at java.base/jdk.internal.reflect.NativeMethodAccessorImpl.invoke0(Native Method)
	at java.base/jdk.internal.reflect.NativeMethodAccessorImpl.invoke(NativeMethodAccessorImpl.java:77)
	at java.base/jdk.internal.reflect.DelegatingMethodAccessorImpl.invoke(DelegatingMethodAccessorImpl.java:43)


30-01-2024T12:15:42 - [MESSAGE][ERROR] - Test Cases/CURA_Login/Login FAILED.
Reason:
groovy.lang.MissingPropertyException: No such property: Name for class: Script1706544636857
	at Login.run(Login:27)
	at com.kms.katalon.core.main.ScriptEngine.run(ScriptEngine.java:194)
	at com.kms.katalon.core.main.ScriptEngine.runScriptAsRawText(ScriptEngine.java:119)
	at com.kms.katalon.core.main.TestCaseExecutor.runScript(TestCaseExecutor.java:448)
	at com.kms.katalon.core.main.TestCaseExecutor.doExecute(TestCaseExecutor.java:439)
	at com.kms.katalon.core.main.TestCaseExecutor.processExecutionPhase(TestCaseExecutor.java:418)
	at com.kms.katalon.core.main.TestCaseExecutor.accessMainPhase(TestCaseExecutor.java:410)
	at com.kms.katalon.core.main.TestCaseExecutor.execute(TestCaseExecutor.java:285)
	at com.kms.katalon.core.main.TestCaseExecutor.execute(TestCaseExecutor.java:369)
	at com.kms.katalon.core.main.TestCaseExecutor.execute(TestCaseExecutor.java:369)
	at com.kms.katalon.core.main.TestCaseExecutor.execute(TestCaseExecutor.java:369)
	at com.kms.katalon.core.common.CommonExecutor.accessTestCaseMainPhase(CommonExecutor.java:65)
	at com.kms.katalon.core.main.TestSuiteExecutor.accessTestSuiteMainPhase(TestSuiteExecutor.java:148)
	at com.kms.katalon.core.main.TestSuiteExecutor.execute(TestSuiteExecutor.java:106)
	at com.kms.katalon.core.main.TestCaseMain.startTestSuite(TestCaseMain.java:180)
	at TempTestSuite1706597013251.run(TempTestSuite1706597013251.groovy:36)
	at java.base/jdk.internal.reflect.NativeMethodAccessorImpl.invoke0(Native Method)
	at java.base/jdk.internal.reflect.NativeMethodAccessorImpl.invoke(NativeMethodAccessorImpl.java:77)
	at java.base/jdk.internal.reflect.DelegatingMethodAccessorImpl.invoke(DelegatingMethodAccessorImpl.java:43)]]></system-out>
         <system-err><![CDATA[30-01-2024T12:15:34 - [TEST_CASE][ERROR] - Test Cases/CURA_Login/Login: Test Cases/CURA_Login/Login FAILED.
Reason:
groovy.lang.MissingPropertyException: No such property: Name for class: Script1706544636857
	at Login.run(Login:27)
	at com.kms.katalon.core.main.ScriptEngine.run(ScriptEngine.java:194)
	at com.kms.katalon.core.main.ScriptEngine.runScriptAsRawText(ScriptEngine.java:119)
	at com.kms.katalon.core.main.TestCaseExecutor.runScript(TestCaseExecutor.java:448)
	at com.kms.katalon.core.main.TestCaseExecutor.doExecute(TestCaseExecutor.java:439)
	at com.kms.katalon.core.main.TestCaseExecutor.processExecutionPhase(TestCaseExecutor.java:418)
	at com.kms.katalon.core.main.TestCaseExecutor.accessMainPhase(TestCaseExecutor.java:410)
	at com.kms.katalon.core.main.TestCaseExecutor.execute(TestCaseExecutor.java:285)
	at com.kms.katalon.core.main.TestCaseExecutor.execute(TestCaseExecutor.java:369)
	at com.kms.katalon.core.main.TestCaseExecutor.execute(TestCaseExecutor.java:369)
	at com.kms.katalon.core.main.TestCaseExecutor.execute(TestCaseExecutor.java:369)
	at com.kms.katalon.core.common.CommonExecutor.accessTestCaseMainPhase(CommonExecutor.java:65)
	at com.kms.katalon.core.main.TestSuiteExecutor.accessTestSuiteMainPhase(TestSuiteExecutor.java:148)
	at com.kms.katalon.core.main.TestSuiteExecutor.execute(TestSuiteExecutor.java:106)
	at com.kms.katalon.core.main.TestCaseMain.startTestSuite(TestCaseMain.java:180)
	at TempTestSuite1706597013251.run(TempTestSuite1706597013251.groovy:36)
	at java.base/jdk.internal.reflect.NativeMethodAccessorImpl.invoke0(Native Method)
	at java.base/jdk.internal.reflect.NativeMethodAccessorImpl.invoke(NativeMethodAccessorImpl.java:77)
	at java.base/jdk.internal.reflect.DelegatingMethodAccessorImpl.invoke(DelegatingMethodAccessorImpl.java:43)]]></system-err>
      </testcase>
      <system-out><![CDATA[30-01-2024T12:15:02 - [TEST_SUITE][ERROR] - CURA_Login_TS: Test Cases/CURA_Login/Login FAILED.
Reason:
groovy.lang.MissingPropertyException: No such property: Name for class: Script1706544636857
	at Login.run(Login:27)
	at com.kms.katalon.core.main.ScriptEngine.run(ScriptEngine.java:194)
	at com.kms.katalon.core.main.ScriptEngine.runScriptAsRawText(ScriptEngine.java:119)
	at com.kms.katalon.core.main.TestCaseExecutor.runScript(TestCaseExecutor.java:448)
	at com.kms.katalon.core.main.TestCaseExecutor.doExecute(TestCaseExecutor.java:439)
	at com.kms.katalon.core.main.TestCaseExecutor.processExecutionPhase(TestCaseExecutor.java:418)
	at com.kms.katalon.core.main.TestCaseExecutor.accessMainPhase(TestCaseExecutor.java:410)
	at com.kms.katalon.core.main.TestCaseExecutor.execute(TestCaseExecutor.java:285)
	at com.kms.katalon.core.common.CommonExecutor.accessTestCaseMainPhase(CommonExecutor.java:65)
	at com.kms.katalon.core.main.TestSuiteExecutor.accessTestSuiteMainPhase(TestSuiteExecutor.java:148)
	at com.kms.katalon.core.main.TestSuiteExecutor.execute(TestSuiteExecutor.java:106)
	at com.kms.katalon.core.main.TestCaseMain.startTestSuite(TestCaseMain.java:180)
	at TempTestSuite1706597013251.run(TempTestSuite1706597013251.groovy:36)
	at java.base/jdk.internal.reflect.NativeMethodAccessorImpl.invoke0(Native Method)
	at java.base/jdk.internal.reflect.NativeMethodAccessorImpl.invoke(NativeMethodAccessorImpl.java:77)
	at java.base/jdk.internal.reflect.DelegatingMethodAccessorImpl.invoke(DelegatingMethodAccessorImpl.java:43)]]></system-out>
      <system-err><![CDATA[30-01-2024T12:15:02 - [TEST_SUITE][ERROR] - CURA_Login_TS: Test Cases/CURA_Login/Login FAILED.
Reason:
groovy.lang.MissingPropertyException: No such property: Name for class: Script1706544636857
	at Login.run(Login:27)
	at com.kms.katalon.core.main.ScriptEngine.run(ScriptEngine.java:194)
	at com.kms.katalon.core.main.ScriptEngine.runScriptAsRawText(ScriptEngine.java:119)
	at com.kms.katalon.core.main.TestCaseExecutor.runScript(TestCaseExecutor.java:448)
	at com.kms.katalon.core.main.TestCaseExecutor.doExecute(TestCaseExecutor.java:439)
	at com.kms.katalon.core.main.TestCaseExecutor.processExecutionPhase(TestCaseExecutor.java:418)
	at com.kms.katalon.core.main.TestCaseExecutor.accessMainPhase(TestCaseExecutor.java:410)
	at com.kms.katalon.core.main.TestCaseExecutor.execute(TestCaseExecutor.java:285)
	at com.kms.katalon.core.common.CommonExecutor.accessTestCaseMainPhase(CommonExecutor.java:65)
	at com.kms.katalon.core.main.TestSuiteExecutor.accessTestSuiteMainPhase(TestSuiteExecutor.java:148)
	at com.kms.katalon.core.main.TestSuiteExecutor.execute(TestSuiteExecutor.java:106)
	at com.kms.katalon.core.main.TestCaseMain.startTestSuite(TestCaseMain.java:180)
	at TempTestSuite1706597013251.run(TempTestSuite1706597013251.groovy:36)
	at java.base/jdk.internal.reflect.NativeMethodAccessorImpl.invoke0(Native Method)
	at java.base/jdk.internal.reflect.NativeMethodAccessorImpl.invoke(NativeMethodAccessorImpl.java:77)
	at java.base/jdk.internal.reflect.DelegatingMethodAccessorImpl.invoke(DelegatingMethodAccessorImpl.java:43)]]></system-err>
   </testsuite>
</testsuites>
